Determining if the pthread_create exist failed with the following output:
Change Dir: /home/sid/catkin_ws/build/CMakeFiles/CMakeTmp

Run Build Command:"/usr/bin/make" "cmTC_ba2be/fast"
/usr/bin/make -f CMakeFiles/cmTC_ba2be.dir/build.make CMakeFiles/cmTC_ba2be.dir/build
make[1]: Entering directory '/home/sid/catkin_ws/build/CMakeFiles/CMakeTmp'
Building C object CMakeFiles/cmTC_ba2be.dir/CheckSymbolExists.c.o
/usr/bin/cc     -o CMakeFiles/cmTC_ba2be.dir/CheckSymbolExists.c.o   -c /home/sid/catkin_ws/build/CMakeFiles/CMakeTmp/CheckSymbolExists.c
Linking C executable cmTC_ba2be
/usr/bin/cmake -E cmake_link_script CMakeFiles/cmTC_ba2be.dir/link.txt --verbose=1
/usr/bin/cc       CMakeFiles/cmTC_ba2be.dir/CheckSymbolExists.c.o  -o cmTC_ba2be -rdynamic 
CMakeFiles/cmTC_ba2be.dir/CheckSymbolExists.c.o: In function `main':
CheckSymbolExists.c:(.text+0x16): undefined reference to `pthread_create'
collect2: error: ld returned 1 exit status
CMakeFiles/cmTC_ba2be.dir/build.make:97: recipe for target 'cmTC_ba2be' failed
make[1]: *** [cmTC_ba2be] Error 1
make[1]: Leaving directory '/home/sid/catkin_ws/build/CMakeFiles/CMakeTmp'
Makefile:126: recipe for target 'cmTC_ba2be/fast' failed
make: *** [cmTC_ba2be/fast] Error 2

File /home/sid/catkin_ws/build/CMakeFiles/CMakeTmp/CheckSymbolExists.c:
/* */
#include <pthread.h>

int main(int argc, char** argv)
{
  (void)argv;
#ifndef pthread_create
  return ((int*)(&pthread_create))[argc];
#else
  (void)argc;
  return 0;
#endif
}

Determining if the function pthread_create exists in the pthreads failed with the following output:
Change Dir: /home/sid/catkin_ws/build/CMakeFiles/CMakeTmp

Run Build Command:"/usr/bin/make" "cmTC_83295/fast"
/usr/bin/make -f CMakeFiles/cmTC_83295.dir/build.make CMakeFiles/cmTC_83295.dir/build
make[1]: Entering directory '/home/sid/catkin_ws/build/CMakeFiles/CMakeTmp'
Building C object CMakeFiles/cmTC_83295.dir/CheckFunctionExists.c.o
/usr/bin/cc    -DCHECK_FUNCTION_EXISTS=pthread_create   -o CMakeFiles/cmTC_83295.dir/CheckFunctionExists.c.o   -c /usr/share/cmake-3.5/Modules/CheckFunctionExists.c
Linking C executable cmTC_83295
/usr/bin/cmake -E cmake_link_script CMakeFiles/cmTC_83295.dir/link.txt --verbose=1
/usr/bin/cc   -DCHECK_FUNCTION_EXISTS=pthread_create    CMakeFiles/cmTC_83295.dir/CheckFunctionExists.c.o  -o cmTC_83295 -rdynamic -lpthreads 
/usr/bin/ld: cannot find -lpthreads
collect2: error: ld returned 1 exit status
CMakeFiles/cmTC_83295.dir/build.make:97: recipe for target 'cmTC_83295' failed
make[1]: *** [cmTC_83295] Error 1
make[1]: Leaving directory '/home/sid/catkin_ws/build/CMakeFiles/CMakeTmp'
Makefile:126: recipe for target 'cmTC_83295/fast' failed
make: *** [cmTC_83295/fast] Error 2


Determining if the Q_WS_WIN exist failed with the following output:
Change Dir: /home/sid/catkin_ws/build/CMakeFiles/CMakeTmp

Run Build Command:"/usr/bin/make" "cmTC_3828f/fast"
/usr/bin/make -f CMakeFiles/cmTC_3828f.dir/build.make CMakeFiles/cmTC_3828f.dir/build
make[1]: Entering directory '/home/sid/catkin_ws/build/CMakeFiles/CMakeTmp'
Building CXX object CMakeFiles/cmTC_3828f.dir/CheckSymbolExists.cxx.o
/usr/bin/c++    -I/usr/include/qt4   -o CMakeFiles/cmTC_3828f.dir/CheckSymbolExists.cxx.o -c /home/sid/catkin_ws/build/CMakeFiles/CMakeTmp/CheckSymbolExists.cxx
/home/sid/catkin_ws/build/CMakeFiles/CMakeTmp/CheckSymbolExists.cxx: In function ‘int main(int, char**)’:
/home/sid/catkin_ws/build/CMakeFiles/CMakeTmp/CheckSymbolExists.cxx:8:19: error: ‘Q_WS_WIN’ was not declared in this scope
   return ((int*)(&Q_WS_WIN))[argc];
                   ^
CMakeFiles/cmTC_3828f.dir/build.make:65: recipe for target 'CMakeFiles/cmTC_3828f.dir/CheckSymbolExists.cxx.o' failed
make[1]: *** [CMakeFiles/cmTC_3828f.dir/CheckSymbolExists.cxx.o] Error 1
make[1]: Leaving directory '/home/sid/catkin_ws/build/CMakeFiles/CMakeTmp'
Makefile:126: recipe for target 'cmTC_3828f/fast' failed
make: *** [cmTC_3828f/fast] Error 2

File /home/sid/catkin_ws/build/CMakeFiles/CMakeTmp/CheckSymbolExists.cxx:
/* */
#include <QtCore/qglobal.h>

int main(int argc, char** argv)
{
  (void)argv;
#ifndef Q_WS_WIN
  return ((int*)(&Q_WS_WIN))[argc];
#else
  (void)argc;
  return 0;
#endif
}

Determining if the Q_WS_QWS exist failed with the following output:
Change Dir: /home/sid/catkin_ws/build/CMakeFiles/CMakeTmp

Run Build Command:"/usr/bin/make" "cmTC_0003f/fast"
/usr/bin/make -f CMakeFiles/cmTC_0003f.dir/build.make CMakeFiles/cmTC_0003f.dir/build
make[1]: Entering directory '/home/sid/catkin_ws/build/CMakeFiles/CMakeTmp'
Building CXX object CMakeFiles/cmTC_0003f.dir/CheckSymbolExists.cxx.o
/usr/bin/c++    -I/usr/include/qt4   -o CMakeFiles/cmTC_0003f.dir/CheckSymbolExists.cxx.o -c /home/sid/catkin_ws/build/CMakeFiles/CMakeTmp/CheckSymbolExists.cxx
/home/sid/catkin_ws/build/CMakeFiles/CMakeTmp/CheckSymbolExists.cxx: In function ‘int main(int, char**)’:
/home/sid/catkin_ws/build/CMakeFiles/CMakeTmp/CheckSymbolExists.cxx:8:19: error: ‘Q_WS_QWS’ was not declared in this scope
   return ((int*)(&Q_WS_QWS))[argc];
                   ^
CMakeFiles/cmTC_0003f.dir/build.make:65: recipe for target 'CMakeFiles/cmTC_0003f.dir/CheckSymbolExists.cxx.o' failed
make[1]: *** [CMakeFiles/cmTC_0003f.dir/CheckSymbolExists.cxx.o] Error 1
make[1]: Leaving directory '/home/sid/catkin_ws/build/CMakeFiles/CMakeTmp'
Makefile:126: recipe for target 'cmTC_0003f/fast' failed
make: *** [cmTC_0003f/fast] Error 2

File /home/sid/catkin_ws/build/CMakeFiles/CMakeTmp/CheckSymbolExists.cxx:
/* */
#include <QtCore/qglobal.h>

int main(int argc, char** argv)
{
  (void)argv;
#ifndef Q_WS_QWS
  return ((int*)(&Q_WS_QWS))[argc];
#else
  (void)argc;
  return 0;
#endif
}

Determining if the Q_WS_MAC exist failed with the following output:
Change Dir: /home/sid/catkin_ws/build/CMakeFiles/CMakeTmp

Run Build Command:"/usr/bin/make" "cmTC_ae0e4/fast"
/usr/bin/make -f CMakeFiles/cmTC_ae0e4.dir/build.make CMakeFiles/cmTC_ae0e4.dir/build
make[1]: Entering directory '/home/sid/catkin_ws/build/CMakeFiles/CMakeTmp'
Building CXX object CMakeFiles/cmTC_ae0e4.dir/CheckSymbolExists.cxx.o
/usr/bin/c++    -I/usr/include/qt4   -o CMakeFiles/cmTC_ae0e4.dir/CheckSymbolExists.cxx.o -c /home/sid/catkin_ws/build/CMakeFiles/CMakeTmp/CheckSymbolExists.cxx
/home/sid/catkin_ws/build/CMakeFiles/CMakeTmp/CheckSymbolExists.cxx: In function ‘int main(int, char**)’:
/home/sid/catkin_ws/build/CMakeFiles/CMakeTmp/CheckSymbolExists.cxx:8:19: error: ‘Q_WS_MAC’ was not declared in this scope
   return ((int*)(&Q_WS_MAC))[argc];
                   ^
CMakeFiles/cmTC_ae0e4.dir/build.make:65: recipe for target 'CMakeFiles/cmTC_ae0e4.dir/CheckSymbolExists.cxx.o' failed
make[1]: *** [CMakeFiles/cmTC_ae0e4.dir/CheckSymbolExists.cxx.o] Error 1
make[1]: Leaving directory '/home/sid/catkin_ws/build/CMakeFiles/CMakeTmp'
Makefile:126: recipe for target 'cmTC_ae0e4/fast' failed
make: *** [cmTC_ae0e4/fast] Error 2

File /home/sid/catkin_ws/build/CMakeFiles/CMakeTmp/CheckSymbolExists.cxx:
/* */
#include <QtCore/qglobal.h>

int main(int argc, char** argv)
{
  (void)argv;
#ifndef Q_WS_MAC
  return ((int*)(&Q_WS_MAC))[argc];
#else
  (void)argc;
  return 0;
#endif
}

